<?xml version="1.0" encoding="UTF-8"?>
<!-- Generated by org.testng.reporters.JUnitReportReporter -->
<testsuite skipped="0" name="org.miig.test.HelloTest" tests="1" failures="0" timestamp="10 Jan 2018 13:14:29 GMT" time="0.032" errors="0">
  <testcase name="f" time="0.032" classname="org.miig.test.HelloTest"/>
</testsuite> <!-- org.miig.test.HelloTest -->
