<?xml version="1.0" encoding="UTF-8"?>
<!-- Generated by org.testng.reporters.JUnitReportReporter -->
<testsuite skipped="0" name="org.miig.test.ParameterTest" tests="1" failures="0" timestamp="10 Jan 2018 13:27:03 GMT" time="0.018" errors="0">
  <testcase name="f" time="0.018" classname="org.miig.test.ParameterTest"/>
</testsuite> <!-- org.miig.test.ParameterTest -->
